<?xml version="1.0" encoding="UTF-8"?>
<robot generator="Robot 7.4.2 (Python 3.12.6 on win32)" generated="2026-03-28T19:33:07.488734" rpa="false" schemaversion="5">
<suite id="s1" name="LoginFail" source="C:\Users\hp\OneDrive\Desktop\projects\Automation\Suites\LoginFail.robot">
<test id="s1-t1" name="Login with invalid credentials" line="4">
<kw name="Set Variable" owner="BuiltIn">
<msg time="2026-03-28T19:33:08.158733" level="INFO">${invalid_user} = salma</msg>
<var>${invalid_user}</var>
<arg>salma</arg>
<doc>Returns the given values which can then be assigned to a variables.</doc>
<status status="PASS" start="2026-03-28T19:33:08.157733" elapsed="0.001000"/>
</kw>
<kw name="Set Variable" owner="BuiltIn">
<msg time="2026-03-28T19:33:08.159733" level="INFO">${invalid_pass} = 123456</msg>
<var>${invalid_pass}</var>
<arg>123456</arg>
<doc>Returns the given values which can then be assigned to a variables.</doc>
<status status="PASS" start="2026-03-28T19:33:08.158733" elapsed="0.001000"/>
</kw>
<kw name="Input Invalid Credentials" owner="LoginPage">
<msg time="2026-03-28T19:33:08.160735" level="INFO">Typing text 'salma' into text field 'id=user-name'.</msg>
<msg time="2026-03-28T19:33:08.160735" level="FAIL">No browser is open.</msg>
<arg>${invalid_user}</arg>
<arg>${invalid_pass}</arg>
<doc>Input invalid credentials and click login</doc>
<status status="FAIL" start="2026-03-28T19:33:08.159733" elapsed="0.038003">No browser is open.</status>
</kw>
<kw name="Verify Login Failed Message" owner="LoginPage">
<doc>Verifies that error message is displayed.</doc>
<status status="NOT RUN" start="2026-03-28T19:33:08.197736" elapsed="0.000000"/>
</kw>
<doc>This test case verifies that a user cannot login</doc>
<status status="FAIL" start="2026-03-28T19:33:08.155737" elapsed="0.042996">No browser is open.</status>
</test>
<status status="FAIL" start="2026-03-28T19:33:07.492734" elapsed="0.706998"/>
</suite>
<statistics>
<total>
<stat pass="0" fail="1" skip="0">All Tests</stat>
</total>
<tag>
</tag>
<suite>
<stat name="LoginFail" id="s1" pass="0" fail="1" skip="0">LoginFail</stat>
</suite>
</statistics>
<errors>
<msg time="2026-03-28T19:33:07.575733" level="ERROR">Error in file 'C:\Users\hp\OneDrive\Desktop\projects\Automation\Conf\SetupTeardown.robot' on line 3: Setting 'Suite Setup' is not allowed in resource file.</msg>
<msg time="2026-03-28T19:33:07.575733" level="ERROR">Error in file 'C:\Users\hp\OneDrive\Desktop\projects\Automation\Conf\SetupTeardown.robot' on line 4: Setting 'Suite Teardown' is not allowed in resource file.</msg>
<msg time="2026-03-28T19:33:08.153735" level="ERROR">Error in file 'C:\Users\hp\OneDrive\Desktop\projects\Automation\Conf\ImportRessource.robot' on line 5: Library '..\Ressource\CartPage.py' does not exist.</msg>
</errors>
</robot>
