<?xml version="1.0" encoding="UTF-8"?>
<robot generator="Robot 7.4.2 (Python 3.12.6 on win32)" generated="2026-03-28T22:33:03.980640" rpa="false" schemaversion="5">
<suite id="s1" name="Suites" source="C:\Users\hp\OneDrive\Desktop\projects\Automation\Suites">
<suite id="s1-s1" name="LoginFail" source="C:\Users\hp\OneDrive\Desktop\projects\Automation\Suites\LoginFail.robot">
<kw name="Ouvrir Navigateur" owner="SetupTeardown" type="SETUP">
<kw name="Open Browser" owner="SeleniumLibrary">
<msg time="2026-03-28T22:33:04.364682" level="INFO">Opening browser 'chrome' to base url 'https://www.saucedemo.com/'.</msg>
<arg>https://www.saucedemo.com/</arg>
<arg>chrome</arg>
<doc>Opens a new browser instance to the optional ``url``.</doc>
<status status="PASS" start="2026-03-28T22:33:04.364682" elapsed="3.967608"/>
</kw>
<kw name="Maximize Browser Window" owner="SeleniumLibrary">
<doc>Maximizes current browser window.</doc>
<status status="PASS" start="2026-03-28T22:33:08.333295" elapsed="0.028994"/>
</kw>
<status status="PASS" start="2026-03-28T22:33:04.362639" elapsed="4.000653"/>
</kw>
<test id="s1-s1-t1" name="Login with invalid credentials" line="8">
<kw name="Set Variable" owner="BuiltIn">
<msg time="2026-03-28T22:33:08.365293" level="INFO">${invalid_user} = standard_user</msg>
<var>${invalid_user}</var>
<arg>standard_user</arg>
<doc>Returns the given values which can then be assigned to a variables.</doc>
<status status="PASS" start="2026-03-28T22:33:08.364289" elapsed="0.001004"/>
</kw>
<kw name="Set Variable" owner="BuiltIn">
<msg time="2026-03-28T22:33:08.367312" level="INFO">${invalid_pass} = 123456</msg>
<var>${invalid_pass}</var>
<arg>123456</arg>
<doc>Returns the given values which can then be assigned to a variables.</doc>
<status status="PASS" start="2026-03-28T22:33:08.366292" elapsed="0.001020"/>
</kw>
<kw name="Input Invalid Credentials" owner="LoginPage">
<msg time="2026-03-28T22:33:08.371289" level="INFO">Typing text 'standard_user' into text field 'id=user-name'.</msg>
<msg time="2026-03-28T22:33:08.608291" level="INFO">Typing text '123456' into text field 'id=password'.</msg>
<msg time="2026-03-28T22:33:08.698289" level="INFO">Clicking button 'id=login-button'.</msg>
<arg>${invalid_user}</arg>
<arg>${invalid_pass}</arg>
<doc>Input invalid credentials and click login</doc>
<status status="PASS" start="2026-03-28T22:33:08.370301" elapsed="0.433989"/>
</kw>
<kw name="Verify Login Failed Message" owner="LoginPage">
<doc>Verifies that error message is displayed.</doc>
<status status="PASS" start="2026-03-28T22:33:08.805289" elapsed="0.035000"/>
</kw>
<kw name="Capture Page Screenshot" owner="SeleniumLibrary" type="TEARDOWN">
<msg time="2026-03-28T22:33:08.961289" level="INFO" html="true">&lt;/td&gt;&lt;/tr&gt;&lt;tr&gt;&lt;td colspan="3"&gt;&lt;a href="selenium-screenshot-7.png"&gt;&lt;img src="selenium-screenshot-7.png" width="800px"&gt;&lt;/a&gt;</msg>
<doc>Takes a screenshot of the current page and embeds it into a log file.</doc>
<status status="PASS" start="2026-03-28T22:33:08.841288" elapsed="0.120001"/>
</kw>
<doc>This test case verifies that a user cannot login</doc>
<status status="PASS" start="2026-03-28T22:33:08.363292" elapsed="0.598999"/>
</test>
<kw name="Fermer Navigateur" owner="SetupTeardown" type="TEARDOWN">
<kw name="Close Browser" owner="SeleniumLibrary">
<doc>Closes the current browser.</doc>
<status status="PASS" start="2026-03-28T22:33:08.964288" elapsed="2.392003"/>
</kw>
<status status="PASS" start="2026-03-28T22:33:08.964288" elapsed="2.392003"/>
</kw>
<status status="PASS" start="2026-03-28T22:33:04.046635" elapsed="7.310654"/>
</suite>
<suite id="s1-s2" name="LoginSuccess" source="C:\Users\hp\OneDrive\Desktop\projects\Automation\Suites\LoginSuccess.robot">
<kw name="Ouvrir Navigateur" owner="SetupTeardown" type="SETUP">
<kw name="Open Browser" owner="SeleniumLibrary">
<msg time="2026-03-28T22:33:11.372290" level="INFO">Opening browser 'chrome' to base url 'https://www.saucedemo.com/'.</msg>
<arg>https://www.saucedemo.com/</arg>
<arg>chrome</arg>
<doc>Opens a new browser instance to the optional ``url``.</doc>
<status status="PASS" start="2026-03-28T22:33:11.371288" elapsed="1.919002"/>
</kw>
<kw name="Maximize Browser Window" owner="SeleniumLibrary">
<doc>Maximizes current browser window.</doc>
<status status="PASS" start="2026-03-28T22:33:13.291289" elapsed="0.039002"/>
</kw>
<status status="PASS" start="2026-03-28T22:33:11.371288" elapsed="1.959003"/>
</kw>
<test id="s1-s2-t1" name="Login Success And Product Management" line="8">
<kw name="Login" owner="LoginPage">
<msg time="2026-03-28T22:33:13.333318" level="INFO">Typing text 'standard_user' into text field 'id=user-name'.</msg>
<msg time="2026-03-28T22:33:13.586307" level="INFO">Typing text 'secret_sauce' into text field 'id=password'.</msg>
<msg time="2026-03-28T22:33:13.720316" level="INFO">Clicking button 'id=login-button'.</msg>
<arg>standard_user</arg>
<arg>secret_sauce</arg>
<doc>Performs the login action.</doc>
<status status="PASS" start="2026-03-28T22:33:13.332291" elapsed="0.556999"/>
</kw>
<kw name="Verify Inventory Page" owner="InventoryPage">
<msg time="2026-03-28T22:33:13.929304" level="INFO">Element '//span[@class='title']' contains text 'Products'.</msg>
<doc>Verifies we are on the inventory/products page.</doc>
<status status="PASS" start="2026-03-28T22:33:13.889290" elapsed="0.040014"/>
</kw>
<kw name="Get Bike Light Info" owner="InventoryPage">
<msg time="2026-03-28T22:33:13.999291" level="INFO">Product : Sauce Labs Bike Light
 Price   : $9.99
 Desc    : A red light isn't the desired state in testing but it sure helps when riding your bike at night. Water-resistant with 3 lighting modes, 1 AAA battery included.</msg>
<doc>Retrieves and displays price and description of Sauce Labs Bike Light.</doc>
<status status="PASS" start="2026-03-28T22:33:13.930289" elapsed="0.070005"/>
</kw>
<kw name="Add Bike Light To Cart" owner="InventoryPage">
<msg time="2026-03-28T22:33:14.001295" level="INFO">Clicking button 'add-to-cart-sauce-labs-bike-light'.</msg>
<doc>Adds Sauce Labs Bike Light to the cart.</doc>
<status status="PASS" start="2026-03-28T22:33:14.000294" elapsed="0.172996"/>
</kw>
<kw name="View Cart" owner="InventoryPage">
<msg time="2026-03-28T22:33:14.174289" level="INFO">Clicking element 'id=shopping_cart_container'.</msg>
<doc>Navigates to the shopping cart page.</doc>
<status status="PASS" start="2026-03-28T22:33:14.174289" elapsed="0.107003"/>
</kw>
<kw name="Verify Cart Page" owner="CartPage">
<msg time="2026-03-28T22:33:14.308287" level="INFO">Element '//span[@class='title']' contains text 'Your Cart'.</msg>
<doc>Verifies we are on the cart page.</doc>
<status status="PASS" start="2026-03-28T22:33:14.282292" elapsed="0.026995"/>
</kw>
<kw name="Verify Product In Cart" owner="CartPage">
<msg time="2026-03-28T22:33:14.332291" level="INFO">Current page contains text 'Sauce Labs Bike Light'.</msg>
<arg>Sauce Labs Bike Light</arg>
<doc>Verifies that the product IS in the cart.</doc>
<status status="PASS" start="2026-03-28T22:33:14.309287" elapsed="0.023004"/>
</kw>
<kw name="Click Remove" owner="CartPage">
<msg time="2026-03-28T22:33:14.333292" level="INFO">Clicking button 'xpath=//button[text()='Remove']'.</msg>
<doc>Clicks the Remove button.</doc>
<status status="PASS" start="2026-03-28T22:33:14.332291" elapsed="0.101999"/>
</kw>
<kw name="Verify Product Not In Cart" owner="CartPage">
<msg time="2026-03-28T22:33:14.472290" level="INFO">Current page does not contain text 'Sauce Labs Bike Light'.</msg>
<arg>Sauce Labs Bike Light</arg>
<doc>Verifies product is no longer in cart.</doc>
<status status="PASS" start="2026-03-28T22:33:14.435290" elapsed="0.037000"/>
</kw>
<kw name="Capture Page Screenshot" owner="SeleniumLibrary" type="TEARDOWN">
<msg time="2026-03-28T22:33:14.695289" level="INFO" html="true">&lt;/td&gt;&lt;/tr&gt;&lt;tr&gt;&lt;td colspan="3"&gt;&lt;a href="selenium-screenshot-8.png"&gt;&lt;img src="selenium-screenshot-8.png" width="800px"&gt;&lt;/a&gt;</msg>
<doc>Takes a screenshot of the current page and embeds it into a log file.</doc>
<status status="PASS" start="2026-03-28T22:33:14.474290" elapsed="0.220999"/>
</kw>
<doc>Login with valid credentials, add Sauce Labs Bike Light to cart and remove it</doc>
<status status="PASS" start="2026-03-28T22:33:13.330291" elapsed="1.366004"/>
</test>
<kw name="Fermer Navigateur" owner="SetupTeardown" type="TEARDOWN">
<kw name="Close Browser" owner="SeleniumLibrary">
<doc>Closes the current browser.</doc>
<status status="PASS" start="2026-03-28T22:33:14.699293" elapsed="2.318146"/>
</kw>
<status status="PASS" start="2026-03-28T22:33:14.698291" elapsed="2.319148"/>
</kw>
<status status="PASS" start="2026-03-28T22:33:11.359289" elapsed="5.659153"/>
</suite>
<status status="PASS" start="2026-03-28T22:33:03.982642" elapsed="13.036799"/>
</suite>
<statistics>
<total>
<stat pass="2" fail="0" skip="0">All Tests</stat>
</total>
<tag>
</tag>
<suite>
<stat name="Suites" id="s1" pass="2" fail="0" skip="0">Suites</stat>
<stat name="LoginFail" id="s1-s1" pass="1" fail="0" skip="0">Suites.LoginFail</stat>
<stat name="LoginSuccess" id="s1-s2" pass="1" fail="0" skip="0">Suites.LoginSuccess</stat>
</suite>
</statistics>
<errors>
</errors>
</robot>
